<?xml version="1.0" encoding="utf-8" standalone="no"?>
<test-run id="2" testcasecount="0" result="Failed" label="Invalid" total="0" passed="0" failed="0" inconclusive="0" skipped="0" asserts="0" engine-version="3.9.0.0" clr-version="4.0.30319.42000" start-time="2018-10-08 21:35:28Z" end-time="2018-10-08 21:35:31Z" duration="2.717799">
  <command-line><![CDATA["C:\Kevin Aranibar\ASP.NET\BPZ\packages\NUnit.ConsoleRunner.3.9.0\tools\nunit3-console.exe" "C:\Kevin Aranibar\ASP.NET\BPZ\BPZTest\bin\Debug\TechTalk.SpecFlow.dll"]]></command-line>
  <test-suite type="Assembly" id="0-1" name="TechTalk.SpecFlow.dll" fullname="C:\Kevin Aranibar\ASP.NET\BPZ\BPZTest\bin\Debug\TechTalk.SpecFlow.dll" testcasecount="0" runstate="NotRunnable" result="Failed" label="Invalid">
    <properties>
      <property name="_SKIPREASON" value="No suitable tests found in 'C:\Kevin Aranibar\ASP.NET\BPZ\BPZTest\bin\Debug\TechTalk.SpecFlow.dll'.&#xA;Either assembly contains no tests or proper test driver has not been found." />
    </properties>
    <reason>
      <message>No suitable tests found in 'C:\Kevin Aranibar\ASP.NET\BPZ\BPZTest\bin\Debug\TechTalk.SpecFlow.dll'.
Either assembly contains no tests or proper test driver has not been found.</message>
    </reason>
  </test-suite>
</test-run>